<?xml version="1.0" encoding="UTF-8"?>
<coverage generated="1597347486822" clover="3.2.0">
  <project timestamp="1597347486822" name="All files">
    <metrics statements="383" coveredstatements="0" conditionals="21397" coveredconditionals="0" methods="8901" coveredmethods="0" elements="30681" coveredelements="0" complexity="0" loc="383" ncloc="383" packages="6" files="28" classes="28"/>
    <package name="galleri">
      <metrics statements="1" coveredstatements="0" conditionals="0" coveredconditionals="0" methods="0" coveredmethods="0"/>
      <file name="babel.config.js" path="C:\Users\Frede\WebstormProjects\galleri\babel.config.js">
        <metrics statements="1" coveredstatements="0" conditionals="0" coveredconditionals="0" methods="0" coveredmethods="0"/>
        <line num="1" count="0" type="stmt"/>
      </file>
    </package>
    <package name="galleri.coverage.lcov-report">
      <metrics statements="106" coveredstatements="0" conditionals="323" coveredconditionals="0" methods="52" coveredmethods="0"/>
      <file name="block-navigation.js" path="C:\Users\Frede\WebstormProjects\galleri\coverage\lcov-report\block-navigation.js">
        <metrics statements="28" coveredstatements="0" conditionals="15" coveredconditionals="0" methods="6" coveredmethods="0"/>
        <line num="2" count="0" type="stmt"/>
        <line num="4" count="0" type="stmt"/>
        <line num="7" count="0" type="stmt"/>
        <line num="10" count="0" type="stmt"/>
        <line num="14" count="0" type="stmt"/>
        <line num="20" count="0" type="stmt"/>
        <line num="25" count="0" type="stmt"/>
        <line num="28" count="0" type="stmt"/>
        <line num="32" count="0" type="stmt"/>
        <line num="33" count="0" type="stmt"/>
        <line num="34" count="0" type="stmt"/>
        <line num="42" count="0" type="stmt"/>
        <line num="43" count="0" type="cond" truecount="0" falsecount="4"/>
        <line num="44" count="0" type="stmt"/>
        <line num="45" count="0" type="cond" truecount="0" falsecount="2"/>
        <line num="46" count="0" type="stmt"/>
        <line num="49" count="0" type="stmt"/>
        <line num="53" count="0" type="stmt"/>
        <line num="55" count="0" type="cond" truecount="0" falsecount="2"/>
        <line num="59" count="0" type="stmt"/>
        <line num="62" count="0" type="stmt"/>
        <line num="65" count="0" type="stmt"/>
        <line num="66" count="0" type="cond" truecount="0" falsecount="5"/>
        <line num="69" count="0" type="stmt"/>
        <line num="70" count="0" type="stmt"/>
        <line num="74" count="0" type="stmt"/>
        <line num="75" count="0" type="stmt"/>
        <line num="79" count="0" type="stmt"/>
      </file>
      <file name="prettify.js" path="C:\Users\Frede\WebstormProjects\galleri\coverage\lcov-report\prettify.js">
        <metrics statements="1" coveredstatements="0" conditionals="286" coveredconditionals="0" methods="29" coveredmethods="0"/>
        <line num="2" count="0" type="cond" truecount="0" falsecount="286"/>
      </file>
      <file name="sorter.js" path="C:\Users\Frede\WebstormProjects\galleri\coverage\lcov-report\sorter.js">
        <metrics statements="77" coveredstatements="0" conditionals="22" coveredconditionals="0" methods="17" coveredmethods="0"/>
        <line num="2" count="0" type="stmt"/>
        <line num="5" count="0" type="stmt"/>
        <line num="12" count="0" type="stmt"/>
        <line num="16" count="0" type="stmt"/>
        <line num="20" count="0" type="stmt"/>
        <line num="24" count="0" type="stmt"/>
        <line num="29" count="0" type="stmt"/>
        <line num="31" count="0" type="stmt"/>
        <line num="35" count="0" type="stmt"/>
        <line num="36" count="0" type="stmt"/>
        <line num="37" count="0" type="stmt"/>
        <line num="42" count="0" type="stmt"/>
        <line num="43" count="0" type="cond" truecount="0" falsecount="2"/>
        <line num="44" count="0" type="stmt"/>
        <line num="45" count="0" type="stmt"/>
        <line num="49" count="0" type="stmt"/>
        <line num="54" count="0" type="stmt"/>
        <line num="57" count="0" type="stmt"/>
        <line num="60" count="0" type="stmt"/>
        <line num="61" count="0" type="stmt"/>
        <line num="62" count="0" type="stmt"/>
        <line num="63" count="0" type="stmt"/>
        <line num="64" count="0" type="cond" truecount="0" falsecount="2"/>
        <line num="65" count="0" type="stmt"/>
        <line num="67" count="0" type="stmt"/>
        <line num="69" count="0" type="stmt"/>
        <line num="73" count="0" type="stmt"/>
        <line num="76" count="0" type="stmt"/>
        <line num="77" count="0" type="stmt"/>
        <line num="82" count="0" type="stmt"/>
        <line num="83" count="0" type="stmt"/>
        <line num="84" count="0" type="stmt"/>
        <line num="85" count="0" type="stmt"/>
        <line num="86" count="0" type="cond" truecount="0" falsecount="4"/>
        <line num="88" count="0" type="stmt"/>
        <line num="89" count="0" type="stmt"/>
        <line num="90" count="0" type="stmt"/>
        <line num="91" count="0" type="stmt"/>
        <line num="94" count="0" type="cond" truecount="0" falsecount="2"/>
        <line num="95" count="0" type="stmt"/>
        <line num="96" count="0" type="stmt"/>
        <line num="100" count="0" type="stmt"/>
        <line num="101" count="0" type="stmt"/>
        <line num="102" count="0" type="stmt"/>
        <line num="105" count="0" type="stmt"/>
        <line num="107" count="0" type="stmt"/>
        <line num="108" count="0" type="stmt"/>
        <line num="113" count="0" type="stmt"/>
        <line num="114" count="0" type="stmt"/>
        <line num="116" count="0" type="stmt"/>
        <line num="117" count="0" type="stmt"/>
        <line num="121" count="0" type="cond" truecount="0" falsecount="2"/>
        <line num="129" count="0" type="stmt"/>
        <line num="130" count="0" type="stmt"/>
        <line num="132" count="0" type="stmt"/>
        <line num="133" count="0" type="stmt"/>
        <line num="135" count="0" type="cond" truecount="0" falsecount="2"/>
        <line num="136" count="0" type="stmt"/>
        <line num="138" count="0" type="stmt"/>
        <line num="139" count="0" type="stmt"/>
        <line num="140" count="0" type="stmt"/>
        <line num="141" count="0" type="stmt"/>
        <line num="142" count="0" type="stmt"/>
        <line num="145" count="0" type="stmt"/>
        <line num="146" count="0" type="cond" truecount="0" falsecount="2"/>
        <line num="149" count="0" type="stmt"/>
        <line num="150" count="0" type="cond" truecount="0" falsecount="2"/>
        <line num="151" count="0" type="stmt"/>
        <line num="153" count="0" type="stmt"/>
        <line num="159" count="0" type="stmt"/>
        <line num="160" count="0" type="cond" truecount="0" falsecount="2"/>
        <line num="161" count="0" type="stmt"/>
        <line num="163" count="0" type="stmt"/>
        <line num="164" count="0" type="stmt"/>
        <line num="165" count="0" type="stmt"/>
        <line num="166" count="0" type="stmt"/>
        <line num="170" count="0" type="stmt"/>
      </file>
    </package>
    <package name="galleri.dist.js">
      <metrics statements="157" coveredstatements="0" conditionals="21058" coveredconditionals="0" methods="8804" coveredmethods="0"/>
      <file name="app.76219f37.js" path="C:\Users\Frede\WebstormProjects\galleri\dist\js\app.76219f37.js">
        <metrics statements="1" coveredstatements="0" conditionals="97" coveredconditionals="0" methods="61" coveredmethods="0"/>
        <line num="1" count="0" type="cond" truecount="0" falsecount="97"/>
      </file>
      <file name="chunk-0ed18bbe.3074b752.js" path="C:\Users\Frede\WebstormProjects\galleri\dist\js\chunk-0ed18bbe.3074b752.js">
        <metrics statements="1" coveredstatements="0" conditionals="59" coveredconditionals="0" methods="15" coveredmethods="0"/>
        <line num="1" count="0" type="cond" truecount="0" falsecount="59"/>
      </file>
      <file name="chunk-28c25778.50ec50f7.js" path="C:\Users\Frede\WebstormProjects\galleri\dist\js\chunk-28c25778.50ec50f7.js">
        <metrics statements="1" coveredstatements="0" conditionals="90" coveredconditionals="0" methods="30" coveredmethods="0"/>
        <line num="1" count="0" type="cond" truecount="0" falsecount="90"/>
      </file>
      <file name="chunk-2d0c7d06.f9defe7f.js" path="C:\Users\Frede\WebstormProjects\galleri\dist\js\chunk-2d0c7d06.f9defe7f.js">
        <metrics statements="1" coveredstatements="0" conditionals="4" coveredconditionals="0" methods="2" coveredmethods="0"/>
        <line num="1" count="0" type="cond" truecount="0" falsecount="4"/>
      </file>
      <file name="chunk-2d213333.e1cee6d8.js" path="C:\Users\Frede\WebstormProjects\galleri\dist\js\chunk-2d213333.e1cee6d8.js">
        <metrics statements="1" coveredstatements="0" conditionals="4" coveredconditionals="0" methods="5" coveredmethods="0"/>
        <line num="1" count="0" type="cond" truecount="0" falsecount="4"/>
      </file>
      <file name="chunk-58eaf122.26742125.js" path="C:\Users\Frede\WebstormProjects\galleri\dist\js\chunk-58eaf122.26742125.js">
        <metrics statements="1" coveredstatements="0" conditionals="4" coveredconditionals="0" methods="5" coveredmethods="0"/>
        <line num="1" count="0" type="cond" truecount="0" falsecount="4"/>
      </file>
      <file name="chunk-5cf4d2f0.7e856560.js" path="C:\Users\Frede\WebstormProjects\galleri\dist\js\chunk-5cf4d2f0.7e856560.js">
        <metrics statements="1" coveredstatements="0" conditionals="173" coveredconditionals="0" methods="54" coveredmethods="0"/>
        <line num="1" count="0" type="cond" truecount="0" falsecount="173"/>
      </file>
      <file name="chunk-694cc368.9bddb53d.js" path="C:\Users\Frede\WebstormProjects\galleri\dist\js\chunk-694cc368.9bddb53d.js">
        <metrics statements="1" coveredstatements="0" conditionals="32" coveredconditionals="0" methods="31" coveredmethods="0"/>
        <line num="1" count="0" type="cond" truecount="0" falsecount="32"/>
      </file>
      <file name="chunk-73a9e5b6.66477ea8.js" path="C:\Users\Frede\WebstormProjects\galleri\dist\js\chunk-73a9e5b6.66477ea8.js">
        <metrics statements="1" coveredstatements="0" conditionals="4" coveredconditionals="0" methods="5" coveredmethods="0"/>
        <line num="1" count="0" type="cond" truecount="0" falsecount="4"/>
      </file>
      <file name="chunk-8113addc.c1b026e1.js" path="C:\Users\Frede\WebstormProjects\galleri\dist\js\chunk-8113addc.c1b026e1.js">
        <metrics statements="1" coveredstatements="0" conditionals="6" coveredconditionals="0" methods="4" coveredmethods="0"/>
        <line num="1" count="0" type="cond" truecount="0" falsecount="6"/>
      </file>
      <file name="chunk-f818cf3c.a42b10dd.js" path="C:\Users\Frede\WebstormProjects\galleri\dist\js\chunk-f818cf3c.a42b10dd.js">
        <metrics statements="1" coveredstatements="0" conditionals="167" coveredconditionals="0" methods="47" coveredmethods="0"/>
        <line num="1" count="0" type="cond" truecount="0" falsecount="167"/>
      </file>
      <file name="chunk-vendors.8490995a.js" path="C:\Users\Frede\WebstormProjects\galleri\dist\js\chunk-vendors.8490995a.js">
        <metrics statements="146" coveredstatements="0" conditionals="20418" coveredconditionals="0" methods="8545" coveredmethods="0"/>
        <line num="1" count="0" type="cond" truecount="0" falsecount="2"/>
        <line num="18" count="0" type="cond" truecount="0" falsecount="19"/>
        <line num="34" count="0" type="cond" truecount="0" falsecount="4"/>
        <line num="50" count="0" type="cond" truecount="0" falsecount="29"/>
        <line num="66" count="0" type="cond" truecount="0" falsecount="289"/>
        <line num="72" count="0" type="cond" truecount="0" falsecount="6386"/>
        <line num="78" count="0" type="cond" truecount="0" falsecount="446"/>
        <line num="95" count="0" type="cond" truecount="0" falsecount="392"/>
        <line num="112" count="0" type="stmt"/>
        <line num="128" count="0" type="cond" truecount="0" falsecount="114"/>
        <line num="145" count="0" type="cond" truecount="0" falsecount="41"/>
        <line num="162" count="0" type="cond" truecount="0" falsecount="205"/>
        <line num="178" count="0" type="cond" truecount="0" falsecount="28"/>
        <line num="194" count="0" type="cond" truecount="0" falsecount="412"/>
        <line num="210" count="0" type="cond" truecount="0" falsecount="7"/>
        <line num="226" count="0" type="cond" truecount="0" falsecount="394"/>
        <line num="242" count="0" type="cond" truecount="0" falsecount="698"/>
        <line num="258" count="0" type="stmt"/>
        <line num="275" count="0" type="cond" truecount="0" falsecount="111"/>
        <line num="292" count="0" type="cond" truecount="0" falsecount="462"/>
        <line num="308" count="0" type="cond" truecount="0" falsecount="84"/>
        <line num="324" count="0" type="cond" truecount="0" falsecount="49"/>
        <line num="340" count="0" type="cond" truecount="0" falsecount="8"/>
        <line num="356" count="0" type="cond" truecount="0" falsecount="12"/>
        <line num="372" count="0" type="cond" truecount="0" falsecount="2"/>
        <line num="389" count="0" type="cond" truecount="0" falsecount="18"/>
        <line num="422" count="0" type="cond" truecount="0" falsecount="14"/>
        <line num="438" count="0" type="cond" truecount="0" falsecount="30"/>
        <line num="471" count="0" type="cond" truecount="0" falsecount="2"/>
        <line num="487" count="0" type="cond" truecount="0" falsecount="8"/>
        <line num="503" count="0" type="cond" truecount="0" falsecount="2"/>
        <line num="519" count="0" type="cond" truecount="0" falsecount="34"/>
        <line num="535" count="0" type="cond" truecount="0" falsecount="24"/>
        <line num="551" count="0" type="cond" truecount="0" falsecount="50"/>
        <line num="567" count="0" type="cond" truecount="0" falsecount="15"/>
        <line num="584" count="0" type="cond" truecount="0" falsecount="37"/>
        <line num="600" count="0" type="stmt"/>
        <line num="616" count="0" type="cond" truecount="0" falsecount="119"/>
        <line num="649" count="0" type="cond" truecount="0" falsecount="24"/>
        <line num="665" count="0" type="cond" truecount="0" falsecount="46"/>
        <line num="681" count="0" type="cond" truecount="0" falsecount="38"/>
        <line num="698" count="0" type="cond" truecount="0" falsecount="815"/>
        <line num="714" count="0" type="cond" truecount="0" falsecount="6"/>
        <line num="730" count="0" type="cond" truecount="0" falsecount="17"/>
        <line num="746" count="0" type="stmt"/>
        <line num="762" count="0" type="cond" truecount="0" falsecount="24"/>
        <line num="778" count="0" type="stmt"/>
        <line num="795" count="0" type="cond" truecount="0" falsecount="31"/>
        <line num="811" count="0" type="cond" truecount="0" falsecount="8"/>
        <line num="827" count="0" type="cond" truecount="0" falsecount="18"/>
        <line num="843" count="0" type="cond" truecount="0" falsecount="31"/>
        <line num="859" count="0" type="cond" truecount="0" falsecount="7"/>
        <line num="875" count="0" type="cond" truecount="0" falsecount="58"/>
        <line num="891" count="0" type="cond" truecount="0" falsecount="8"/>
        <line num="907" count="0" type="cond" truecount="0" falsecount="8"/>
        <line num="923" count="0" type="cond" truecount="0" falsecount="2"/>
        <line num="939" count="0" type="cond" truecount="0" falsecount="98"/>
        <line num="946" count="0" type="cond" truecount="0" falsecount="24"/>
        <line num="962" count="0" type="cond" truecount="0" falsecount="8"/>
        <line num="978" count="0" type="cond" truecount="0" falsecount="9"/>
        <line num="994" count="0" type="stmt"/>
        <line num="1010" count="0" type="stmt"/>
        <line num="1026" count="0" type="cond" truecount="0" falsecount="4"/>
        <line num="1042" count="0" type="stmt"/>
        <line num="1058" count="0" type="cond" truecount="0" falsecount="22"/>
        <line num="1074" count="0" type="cond" truecount="0" falsecount="29"/>
        <line num="1090" count="0" type="cond" truecount="0" falsecount="46"/>
        <line num="1106" count="0" type="cond" truecount="0" falsecount="9"/>
        <line num="1122" count="0" type="cond" truecount="0" falsecount="55"/>
        <line num="1138" count="0" type="cond" truecount="0" falsecount="4"/>
        <line num="1154" count="0" type="cond" truecount="0" falsecount="11"/>
        <line num="1170" count="0" type="cond" truecount="0" falsecount="6"/>
        <line num="1186" count="0" type="cond" truecount="0" falsecount="19"/>
        <line num="1202" count="0" type="stmt"/>
        <line num="1218" count="0" type="cond" truecount="0" falsecount="14"/>
        <line num="1234" count="0" type="cond" truecount="0" falsecount="320"/>
        <line num="1239" count="0" type="cond" truecount="0" falsecount="1039"/>
        <line num="1254" count="0" type="cond" truecount="0" falsecount="498"/>
        <line num="1269" count="0" type="stmt"/>
        <line num="1285" count="0" type="cond" truecount="0" falsecount="251"/>
        <line num="1301" count="0" type="cond" truecount="0" falsecount="63"/>
        <line num="1317" count="0" type="cond" truecount="0" falsecount="2"/>
        <line num="1333" count="0" type="cond" truecount="0" falsecount="4"/>
        <line num="1349" count="0" type="stmt"/>
        <line num="1365" count="0" type="cond" truecount="0" falsecount="11"/>
        <line num="1380" count="0" type="cond" truecount="0" falsecount="1452"/>
        <line num="1413" count="0" type="cond" truecount="0" falsecount="10"/>
        <line num="1429" count="0" type="cond" truecount="0" falsecount="6"/>
        <line num="1445" count="0" type="cond" truecount="0" falsecount="39"/>
        <line num="1461" count="0" type="cond" truecount="0" falsecount="14"/>
        <line num="1477" count="0" type="stmt"/>
        <line num="1493" count="0" type="cond" truecount="0" falsecount="28"/>
        <line num="1510" count="0" type="cond" truecount="0" falsecount="6"/>
        <line num="1526" count="0" type="cond" truecount="0" falsecount="6"/>
        <line num="1542" count="0" type="cond" truecount="0" falsecount="70"/>
        <line num="1558" count="0" type="cond" truecount="0" falsecount="39"/>
        <line num="1574" count="0" type="cond" truecount="0" falsecount="644"/>
        <line num="1606" count="0" type="cond" truecount="0" falsecount="4"/>
        <line num="1622" count="0" type="cond" truecount="0" falsecount="5"/>
        <line num="1638" count="0" type="cond" truecount="0" falsecount="9"/>
        <line num="1654" count="0" type="cond" truecount="0" falsecount="7"/>
        <line num="1670" count="0" type="cond" truecount="0" falsecount="6"/>
        <line num="1686" count="0" type="cond" truecount="0" falsecount="91"/>
        <line num="1718" count="0" type="cond" truecount="0" falsecount="7"/>
        <line num="1734" count="0" type="cond" truecount="0" falsecount="56"/>
        <line num="1766" count="0" type="cond" truecount="0" falsecount="6"/>
        <line num="1782" count="0" type="cond" truecount="0" falsecount="40"/>
        <line num="1799" count="0" type="cond" truecount="0" falsecount="102"/>
        <line num="1816" count="0" type="cond" truecount="0" falsecount="18"/>
        <line num="1832" count="0" type="cond" truecount="0" falsecount="138"/>
        <line num="1848" count="0" type="stmt"/>
        <line num="1864" count="0" type="cond" truecount="0" falsecount="12"/>
        <line num="1880" count="0" type="cond" truecount="0" falsecount="186"/>
        <line num="1896" count="0" type="cond" truecount="0" falsecount="126"/>
        <line num="1912" count="0" type="cond" truecount="0" falsecount="41"/>
        <line num="1928" count="0" type="cond" truecount="0" falsecount="143"/>
        <line num="1944" count="0" type="cond" truecount="0" falsecount="24"/>
        <line num="1960" count="0" type="cond" truecount="0" falsecount="4"/>
        <line num="1976" count="0" type="cond" truecount="0" falsecount="176"/>
        <line num="1992" count="0" type="cond" truecount="0" falsecount="65"/>
        <line num="2009" count="0" type="cond" truecount="0" falsecount="16"/>
        <line num="2041" count="0" type="cond" truecount="0" falsecount="18"/>
        <line num="2057" count="0" type="cond" truecount="0" falsecount="10"/>
        <line num="2073" count="0" type="cond" truecount="0" falsecount="51"/>
        <line num="2089" count="0" type="cond" truecount="0" falsecount="42"/>
        <line num="2105" count="0" type="cond" truecount="0" falsecount="25"/>
        <line num="2121" count="0" type="stmt"/>
        <line num="2137" count="0" type="cond" truecount="0" falsecount="161"/>
        <line num="2153" count="0" type="cond" truecount="0" falsecount="37"/>
        <line num="2169" count="0" type="cond" truecount="0" falsecount="131"/>
        <line num="2185" count="0" type="cond" truecount="0" falsecount="165"/>
        <line num="2201" count="0" type="cond" truecount="0" falsecount="6"/>
        <line num="2217" count="0" type="cond" truecount="0" falsecount="70"/>
        <line num="2233" count="0" type="cond" truecount="0" falsecount="22"/>
        <line num="2249" count="0" type="cond" truecount="0" falsecount="28"/>
        <line num="2265" count="0" type="stmt"/>
        <line num="2281" count="0" type="cond" truecount="0" falsecount="167"/>
        <line num="2297" count="0" type="cond" truecount="0" falsecount="2"/>
        <line num="2314" count="0" type="cond" truecount="0" falsecount="368"/>
        <line num="2330" count="0" type="cond" truecount="0" falsecount="487"/>
        <line num="2346" count="0" type="cond" truecount="0" falsecount="124"/>
        <line num="2363" count="0" type="cond" truecount="0" falsecount="178"/>
        <line num="2395" count="0" type="cond" truecount="0" falsecount="130"/>
        <line num="2411" count="0" type="cond" truecount="0" falsecount="15"/>
        <line num="2427" count="0" type="cond" truecount="0" falsecount="306"/>
        <line num="2443" count="0" type="cond" truecount="0" falsecount="45"/>
      </file>
    </package>
    <package name="galleri.src">
      <metrics statements="60" coveredstatements="0" conditionals="6" coveredconditionals="0" methods="16" coveredmethods="0"/>
      <file name="App.vue" path="C:\Users\Frede\WebstormProjects\galleri\src\App.vue">
        <metrics statements="4" coveredstatements="0" conditionals="0" coveredconditionals="0" methods="1" coveredmethods="0"/>
        <line num="18" count="0" type="stmt"/>
        <line num="19" count="0" type="stmt"/>
        <line num="20" count="0" type="stmt"/>
        <line num="28" count="0" type="stmt"/>
      </file>
      <file name="firebase.js" path="C:\Users\Frede\WebstormProjects\galleri\src\firebase.js">
        <metrics statements="6" coveredstatements="0" conditionals="0" coveredconditionals="0" methods="0" coveredmethods="0"/>
        <line num="9" count="0" type="stmt"/>
        <line num="22" count="0" type="stmt"/>
        <line num="23" count="0" type="stmt"/>
        <line num="24" count="0" type="stmt"/>
        <line num="26" count="0" type="stmt"/>
        <line num="28" count="0" type="stmt"/>
      </file>
      <file name="main.js" path="C:\Users\Frede\WebstormProjects\galleri\src\main.js">
        <metrics statements="30" coveredstatements="0" conditionals="2" coveredconditionals="0" methods="3" coveredmethods="0"/>
        <line num="12" count="0" type="stmt"/>
        <line num="14" count="0" type="stmt"/>
        <line num="15" count="0" type="stmt"/>
        <line num="16" count="0" type="stmt"/>
        <line num="17" count="0" type="stmt"/>
        <line num="18" count="0" type="stmt"/>
        <line num="19" count="0" type="stmt"/>
        <line num="20" count="0" type="stmt"/>
        <line num="21" count="0" type="stmt"/>
        <line num="22" count="0" type="stmt"/>
        <line num="23" count="0" type="stmt"/>
        <line num="24" count="0" type="stmt"/>
        <line num="25" count="0" type="stmt"/>
        <line num="26" count="0" type="stmt"/>
        <line num="27" count="0" type="stmt"/>
        <line num="28" count="0" type="stmt"/>
        <line num="29" count="0" type="stmt"/>
        <line num="30" count="0" type="stmt"/>
        <line num="31" count="0" type="stmt"/>
        <line num="32" count="0" type="stmt"/>
        <line num="33" count="0" type="stmt"/>
        <line num="34" count="0" type="stmt"/>
        <line num="36" count="0" type="stmt"/>
        <line num="37" count="0" type="stmt"/>
        <line num="40" count="0" type="stmt"/>
        <line num="44" count="0" type="cond" truecount="0" falsecount="2"/>
        <line num="45" count="0" type="stmt"/>
        <line num="47" count="0" type="stmt"/>
        <line num="52" count="0" type="stmt"/>
        <line num="53" count="0" type="stmt"/>
      </file>
      <file name="routes.js" path="C:\Users\Frede\WebstormProjects\galleri\src\routes.js">
        <metrics statements="8" coveredstatements="0" conditionals="4" coveredconditionals="0" methods="4" coveredmethods="0"/>
        <line num="4" count="0" type="stmt"/>
        <line num="7" count="0" type="stmt"/>
        <line num="33" count="0" type="cond" truecount="0" falsecount="2"/>
        <line num="34" count="0" type="stmt"/>
        <line num="37" count="0" type="stmt"/>
        <line num="44" count="0" type="cond" truecount="0" falsecount="2"/>
        <line num="45" count="0" type="stmt"/>
        <line num="47" count="0" type="stmt"/>
      </file>
      <file name="store.js" path="C:\Users\Frede\WebstormProjects\galleri\src\store.js">
        <metrics statements="12" coveredstatements="0" conditionals="0" coveredconditionals="0" methods="8" coveredmethods="0"/>
        <line num="4" count="0" type="stmt"/>
        <line num="6" count="0" type="stmt"/>
        <line num="13" count="0" type="stmt"/>
        <line num="16" count="0" type="stmt"/>
        <line num="21" count="0" type="stmt"/>
        <line num="24" count="0" type="stmt"/>
        <line num="27" count="0" type="stmt"/>
        <line num="30" count="0" type="stmt"/>
        <line num="35" count="0" type="stmt"/>
        <line num="36" count="0" type="stmt"/>
        <line num="39" count="0" type="stmt"/>
        <line num="40" count="0" type="stmt"/>
      </file>
    </package>
    <package name="galleri.src.components">
      <metrics statements="22" coveredstatements="0" conditionals="6" coveredconditionals="0" methods="14" coveredmethods="0"/>
      <file name="Header.vue" path="C:\Users\Frede\WebstormProjects\galleri\src\components\Header.vue">
        <metrics statements="1" coveredstatements="0" conditionals="0" coveredconditionals="0" methods="1" coveredmethods="0"/>
        <line num="44" count="0" type="stmt"/>
      </file>
      <file name="Kontakt.vue" path="C:\Users\Frede\WebstormProjects\galleri\src\components\Kontakt.vue">
        <metrics statements="1" coveredstatements="0" conditionals="0" coveredconditionals="0" methods="1" coveredmethods="0"/>
        <line num="38" count="0" type="stmt"/>
      </file>
      <file name="Login.vue" path="C:\Users\Frede\WebstormProjects\galleri\src\components\Login.vue">
        <metrics statements="11" coveredstatements="0" conditionals="6" coveredconditionals="0" methods="6" coveredmethods="0"/>
        <line num="24" count="0" type="stmt"/>
        <line num="28" count="0" type="stmt"/>
        <line num="37" count="0" type="cond" truecount="0" falsecount="4"/>
        <line num="38" count="0" type="stmt"/>
        <line num="39" count="0" type="cond" truecount="0" falsecount="2"/>
        <line num="40" count="0" type="stmt"/>
        <line num="41" count="0" type="stmt"/>
        <line num="42" count="0" type="stmt"/>
        <line num="43" count="0" type="stmt"/>
        <line num="47" count="0" type="stmt"/>
        <line num="49" count="0" type="stmt"/>
      </file>
      <file name="Pagination.vue" path="C:\Users\Frede\WebstormProjects\galleri\src\components\Pagination.vue">
        <metrics statements="3" coveredstatements="0" conditionals="0" coveredconditionals="0" methods="2" coveredmethods="0"/>
        <line num="28" count="0" type="stmt"/>
        <line num="35" count="0" type="stmt"/>
        <line num="36" count="0" type="stmt"/>
      </file>
      <file name="Paintings.vue" path="C:\Users\Frede\WebstormProjects\galleri\src\components\Paintings.vue">
        <metrics statements="6" coveredstatements="0" conditionals="0" coveredconditionals="0" methods="4" coveredmethods="0"/>
        <line num="12" count="0" type="stmt"/>
        <line num="13" count="0" type="stmt"/>
        <line num="28" count="0" type="stmt"/>
        <line num="31" count="0" type="stmt"/>
        <line num="37" count="0" type="stmt"/>
        <line num="41" count="0" type="stmt"/>
      </file>
    </package>
    <package name="galleri.src.components.Admin">
      <metrics statements="37" coveredstatements="0" conditionals="4" coveredconditionals="0" methods="15" coveredmethods="0"/>
      <file name="Admin.vue" path="C:\Users\Frede\WebstormProjects\galleri\src\components\Admin\Admin.vue">
        <metrics statements="8" coveredstatements="0" conditionals="2" coveredconditionals="0" methods="4" coveredmethods="0"/>
        <line num="22" count="0" type="stmt"/>
        <line num="33" count="0" type="stmt"/>
        <line num="38" count="0" type="stmt"/>
        <line num="39" count="0" type="cond" truecount="0" falsecount="2"/>
        <line num="40" count="0" type="stmt"/>
        <line num="41" count="0" type="stmt"/>
        <line num="42" count="0" type="stmt"/>
        <line num="45" count="0" type="stmt"/>
      </file>
      <file name="FileUploader.vue" path="C:\Users\Frede\WebstormProjects\galleri\src\components\Admin\FileUploader.vue">
        <metrics statements="29" coveredstatements="0" conditionals="2" coveredconditionals="0" methods="11" coveredmethods="0"/>
        <line num="45" count="0" type="stmt"/>
        <line num="51" count="0" type="stmt"/>
        <line num="54" count="0" type="cond" truecount="0" falsecount="2"/>
        <line num="55" count="0" type="stmt"/>
        <line num="56" count="0" type="stmt"/>
        <line num="57" count="0" type="stmt"/>
        <line num="58" count="0" type="stmt"/>
        <line num="59" count="0" type="stmt"/>
        <line num="60" count="0" type="stmt"/>
        <line num="61" count="0" type="stmt"/>
        <line num="62" count="0" type="stmt"/>
        <line num="63" count="0" type="stmt"/>
        <line num="64" count="0" type="stmt"/>
        <line num="65" count="0" type="stmt"/>
        <line num="67" count="0" type="stmt"/>
        <line num="68" count="0" type="stmt"/>
        <line num="69" count="0" type="stmt"/>
        <line num="71" count="0" type="stmt"/>
        <line num="76" count="0" type="stmt"/>
        <line num="80" count="0" type="stmt"/>
        <line num="85" count="0" type="stmt"/>
        <line num="86" count="0" type="stmt"/>
        <line num="87" count="0" type="stmt"/>
        <line num="90" count="0" type="stmt"/>
        <line num="91" count="0" type="stmt"/>
        <line num="92" count="0" type="stmt"/>
        <line num="93" count="0" type="stmt"/>
        <line num="94" count="0" type="stmt"/>
        <line num="98" count="0" type="stmt"/>
      </file>
    </package>
  </project>
</coverage>
